<?xml version="1.0" encoding="UTF-8"?>
<testng-results skipped="0" failed="0" ignored="0" total="1" passed="1">
  <reporter-output>
  </reporter-output>
  <suite name="Default suite" duration-ms="2013" started-at="2018-01-17T06:38:40Z" finished-at="2018-01-17T06:38:42Z">
    <groups>
    </groups>
    <test name="Default test" duration-ms="2013" started-at="2018-01-17T06:38:40Z" finished-at="2018-01-17T06:38:42Z">
      <class name="SamplePost.LoginJsonPathTest">
        <test-method status="PASS" signature="postExample()[pri:0, instance:SamplePost.LoginJsonPathTest@c038203]" name="postExample" duration-ms="1991" started-at="2018-01-17T12:08:40Z" finished-at="2018-01-17T12:08:42Z">
          <reporter-output>
          </reporter-output>
        </test-method> <!-- postExample -->
      </class> <!-- SamplePost.LoginJsonPathTest -->
    </test> <!-- Default test -->
  </suite> <!-- Default suite -->
</testng-results>
